This file contains any messages produced by compilers while
running configure, to aid debugging if configure makes a mistake.

It was created by configure, which was
generated by GNU Autoconf 2.69.  Invocation command line was

  $ ./configure --no-create --no-recursion

## --------- ##
## Platform. ##
## --------- ##

hostname = cheng
uname -m = x86_64
uname -r = 16.6.0
uname -s = Darwin
uname -v = Darwin Kernel Version 16.6.0: Fri Apr 14 16:21:16 PDT 2017; root:xnu-3789.60.24~6/RELEASE_X86_64

/usr/bin/uname -p = i386
/bin/uname -X     = unknown

/bin/arch              = unknown
/usr/bin/arch -k       = unknown
/usr/convex/getsysinfo = unknown
/usr/bin/hostinfo      = Mach kernel version:
	 Darwin Kernel Version 16.6.0: Fri Apr 14 16:21:16 PDT 2017; root:xnu-3789.60.24~6/RELEASE_X86_64
Kernel configured for up to 4 processors.
2 processors are physically available.
4 processors are logically available.
Processor type: x86_64h (Intel x86-64h Haswell)
Processors active: 0 1 2 3
Primary memory available: 16.00 gigabytes
Default processor set: 377 tasks, 1884 threads, 4 processors
Load average: 4.55, Mach factor: 0.63
/bin/machine           = unknown
/usr/bin/oslevel       = unknown
/bin/universe          = unknown

PATH: /Users/yu/bin/Sencha/Cmd/6.0.2.14/..
PATH: /opt/subversion/bin
PATH: /usr/local/bin
PATH: /usr/bin
PATH: /bin
PATH: /usr/sbin
PATH: /sbin
PATH: /opt/X11/bin
PATH: /usr/local/share/dotnet
PATH: /Library/Frameworks/Mono.framework/Versions/Current/Commands
PATH: /usr/local/gradle-2.2.1/bin/
PATH: /opt/other
PATH: /Applications/android-sdk-macosx/tools/
PATH: /Applications/android-sdk-macosx/platform-tools/
PATH: /opt/gatling-charts-highcharts-bundle-2.2.0-SNAPSHOT/bin/
PATH: /opt/phantomjs-2.1.1-macosx/bin/
PATH: /opt/sonar-scanner-3.0.1.733-macosx/bin/
PATH: /usr/local/bin


## ----------- ##
## Core tests. ##
## ----------- ##

configure:2069: checking for a BSD-compatible install
configure:2137: result: /usr/local/bin/ginstall -c
configure:2148: checking whether build environment is sane
configure:2203: result: yes
configure:2241: WARNING: 'missing' script is too old or missing
configure:2354: checking for a thread-safe mkdir -p
configure:2393: result: /usr/local/bin/gmkdir -p
configure:2400: checking for gawk
configure:2416: found /usr/local/bin/gawk
configure:2427: result: gawk
configure:2438: checking whether make sets $(MAKE)
configure:2460: result: yes
configure:2489: checking whether make supports nested variables
configure:2506: result: yes
configure:2646: checking for gawk
configure:2673: result: gawk
configure:2732: checking for gcc
configure:2748: found /usr/bin/gcc
configure:2759: result: gcc
configure:2988: checking for C compiler version
configure:2997: gcc --version >&5
Apple LLVM version 8.0.0 (clang-800.0.38)
Target: x86_64-apple-darwin16.6.0
Thread model: posix
InstalledDir: /Applications/Xcode.app/Contents/Developer/Toolchains/XcodeDefault.xctoolchain/usr/bin
Configured with: --prefix=/Applications/Xcode.app/Contents/Developer/usr --with-gxx-include-dir=/Applications/Xcode.app/Contents/Developer/Platforms/MacOSX.platform/Developer/SDKs/MacOSX10.12.sdk/usr/include/c++/4.2.1
configure:3008: $? = 0
configure:2997: gcc -v >&5
Configured with: --prefix=/Applications/Xcode.app/Contents/Developer/usr --with-gxx-include-dir=/Applications/Xcode.app/Contents/Developer/Platforms/MacOSX.platform/Developer/SDKs/MacOSX10.12.sdk/usr/include/c++/4.2.1
Apple LLVM version 8.0.0 (clang-800.0.38)
Target: x86_64-apple-darwin16.6.0
Thread model: posix
InstalledDir: /Applications/Xcode.app/Contents/Developer/Toolchains/XcodeDefault.xctoolchain/usr/bin
configure:3008: $? = 0
configure:2997: gcc -V >&5
clang: error: argument to '-V' is missing (expected 1 value)
clang: error: no input files
configure:3008: $? = 1
configure:2997: gcc -qversion >&5
clang: error: unknown argument: '-qversion'
clang: error: no input files
configure:3008: $? = 1
configure:3028: checking whether the C compiler works
configure:3050: gcc    conftest.c  >&5
configure:3054: $? = 0
configure:3102: result: yes
configure:3105: checking for C compiler default output file name
configure:3107: result: a.out
configure:3113: checking for suffix of executables
configure:3120: gcc -o conftest    conftest.c  >&5
configure:3124: $? = 0
configure:3146: result: 
configure:3168: checking whether we are cross compiling
configure:3176: gcc -o conftest    conftest.c  >&5
configure:3180: $? = 0
configure:3187: ./conftest
configure:3191: $? = 0
configure:3206: result: no
configure:3211: checking for suffix of object files
configure:3233: gcc -c   conftest.c >&5
configure:3237: $? = 0
configure:3258: result: o
configure:3262: checking whether we are using the GNU C compiler
configure:3281: gcc -c   conftest.c >&5
configure:3281: $? = 0
configure:3290: result: yes
configure:3299: checking whether gcc accepts -g
configure:3319: gcc -c -g  conftest.c >&5
configure:3319: $? = 0
configure:3360: result: yes
configure:3377: checking for gcc option to accept ISO C89
configure:3440: gcc  -c -g -O2  conftest.c >&5
configure:3440: $? = 0
configure:3453: result: none needed
configure:3478: checking whether gcc understands -c and -o together
configure:3500: gcc -c conftest.c -o conftest2.o
configure:3503: $? = 0
configure:3500: gcc -c conftest.c -o conftest2.o
configure:3503: $? = 0
configure:3515: result: yes
configure:3543: checking for style of include used by make
configure:3571: result: GNU
configure:3597: checking dependency style of gcc
configure:3708: result: gcc3
configure:3724: checking whether ln -s works
configure:3728: result: yes
configure:3735: checking whether make sets $(MAKE)
configure:3757: result: yes
configure:3774: checking how to run the C preprocessor
configure:3805: gcc -E  conftest.c
configure:3805: $? = 0
configure:3819: gcc -E  conftest.c
conftest.c:11:10: fatal error: 'ac_nonexistent.h' file not found
#include <ac_nonexistent.h>
         ^
1 error generated.
configure:3819: $? = 1
configure: failed program was:
| /* confdefs.h */
| #define PACKAGE_NAME ""
| #define PACKAGE_TARNAME ""
| #define PACKAGE_VERSION ""
| #define PACKAGE_STRING ""
| #define PACKAGE_BUGREPORT ""
| #define PACKAGE_URL ""
| #define PACKAGE "rpc.rstatd"
| #define VERSION "4.0.1"
| /* end confdefs.h.  */
| #include <ac_nonexistent.h>
configure:3844: result: gcc -E
configure:3864: gcc -E  conftest.c
configure:3864: $? = 0
configure:3878: gcc -E  conftest.c
conftest.c:11:10: fatal error: 'ac_nonexistent.h' file not found
#include <ac_nonexistent.h>
         ^
1 error generated.
configure:3878: $? = 1
configure: failed program was:
| /* confdefs.h */
| #define PACKAGE_NAME ""
| #define PACKAGE_TARNAME ""
| #define PACKAGE_VERSION ""
| #define PACKAGE_STRING ""
| #define PACKAGE_BUGREPORT ""
| #define PACKAGE_URL ""
| #define PACKAGE "rpc.rstatd"
| #define VERSION "4.0.1"
| /* end confdefs.h.  */
| #include <ac_nonexistent.h>
configure:3907: checking for grep that handles long lines and -e
configure:3965: result: /usr/local/bin/ggrep
configure:3970: checking for egrep
configure:4032: result: /usr/local/bin/ggrep -E
configure:4037: checking for ANSI C header files
configure:4057: gcc -c -g -O2  conftest.c >&5
configure:4057: $? = 0
configure:4130: gcc -o conftest -g -O2   conftest.c  >&5
configure:4130: $? = 0
configure:4130: ./conftest
configure:4130: $? = 0
configure:4141: result: yes
configure:4154: checking for sys/types.h
configure:4154: gcc -c -g -O2  conftest.c >&5
configure:4154: $? = 0
configure:4154: result: yes
configure:4154: checking for sys/stat.h
configure:4154: gcc -c -g -O2  conftest.c >&5
configure:4154: $? = 0
configure:4154: result: yes
configure:4154: checking for stdlib.h
configure:4154: gcc -c -g -O2  conftest.c >&5
configure:4154: $? = 0
configure:4154: result: yes
configure:4154: checking for string.h
configure:4154: gcc -c -g -O2  conftest.c >&5
configure:4154: $? = 0
configure:4154: result: yes
configure:4154: checking for memory.h
configure:4154: gcc -c -g -O2  conftest.c >&5
configure:4154: $? = 0
configure:4154: result: yes
configure:4154: checking for strings.h
configure:4154: gcc -c -g -O2  conftest.c >&5
configure:4154: $? = 0
configure:4154: result: yes
configure:4154: checking for inttypes.h
configure:4154: gcc -c -g -O2  conftest.c >&5
configure:4154: $? = 0
configure:4154: result: yes
configure:4154: checking for stdint.h
configure:4154: gcc -c -g -O2  conftest.c >&5
configure:4154: $? = 0
configure:4154: result: yes
configure:4154: checking for unistd.h
configure:4154: gcc -c -g -O2  conftest.c >&5
configure:4154: $? = 0
configure:4154: result: yes
configure:4169: checking sys/ioctl.h usability
configure:4169: gcc -c -g -O2  conftest.c >&5
configure:4169: $? = 0
configure:4169: result: yes
configure:4169: checking sys/ioctl.h presence
configure:4169: gcc -E  conftest.c
configure:4169: $? = 0
configure:4169: result: yes
configure:4169: checking for sys/ioctl.h
configure:4169: result: yes
configure:4169: checking syslog.h usability
configure:4169: gcc -c -g -O2  conftest.c >&5
configure:4169: $? = 0
configure:4169: result: yes
configure:4169: checking syslog.h presence
configure:4169: gcc -E  conftest.c
configure:4169: $? = 0
configure:4169: result: yes
configure:4169: checking for syslog.h
configure:4169: result: yes
configure:4180: checking whether time.h and sys/time.h may both be included
configure:4200: gcc -c -g -O2  conftest.c >&5
configure:4200: $? = 0
configure:4207: result: yes
configure:4217: checking whether gcc needs -traditional
conftest.c:24:10: fatal error: 'termio.h' file not found
#include <termio.h>
         ^
1 error generated.
configure:4251: result: no
configure:4258: checking for ANSI C header files
configure:4362: result: yes
configure:4370: checking return type of signal handlers
configure:4388: gcc -c -g -O2  conftest.c >&5
conftest.c:31:8: error: indirection requires pointer operand ('void' invalid)
return *(signal (0, 0)) (0) == 1;
       ^~~~~~~~~~~~~~~~~~~~
1 error generated.
configure:4388: $? = 1
configure: failed program was:
| /* confdefs.h */
| #define PACKAGE_NAME ""
| #define PACKAGE_TARNAME ""
| #define PACKAGE_VERSION ""
| #define PACKAGE_STRING ""
| #define PACKAGE_BUGREPORT ""
| #define PACKAGE_URL ""
| #define PACKAGE "rpc.rstatd"
| #define VERSION "4.0.1"
| #define STDC_HEADERS 1
| #define HAVE_SYS_TYPES_H 1
| #define HAVE_SYS_STAT_H 1
| #define HAVE_STDLIB_H 1
| #define HAVE_STRING_H 1
| #define HAVE_MEMORY_H 1
| #define HAVE_STRINGS_H 1
| #define HAVE_INTTYPES_H 1
| #define HAVE_STDINT_H 1
| #define HAVE_UNISTD_H 1
| #define HAVE_SYS_IOCTL_H 1
| #define HAVE_SYSLOG_H 1
| #define TIME_WITH_SYS_TIME 1
| #define STDC_HEADERS 1
| /* end confdefs.h.  */
| #include <sys/types.h>
| #include <signal.h>
| 
| int
| main ()
| {
| return *(signal (0, 0)) (0) == 1;
|   ;
|   return 0;
| }
configure:4395: result: void
configure:4522: checking that generated files are newer than configure
configure:4528: result: done
configure:4551: creating ./config.status

## ---------------- ##
## Cache variables. ##
## ---------------- ##

ac_cv_c_compiler_gnu=yes
ac_cv_env_CC_set=
ac_cv_env_CC_value=
ac_cv_env_CFLAGS_set=
ac_cv_env_CFLAGS_value=
ac_cv_env_CPPFLAGS_set=
ac_cv_env_CPPFLAGS_value=
ac_cv_env_CPP_set=
ac_cv_env_CPP_value=
ac_cv_env_LDFLAGS_set=
ac_cv_env_LDFLAGS_value=
ac_cv_env_LIBS_set=
ac_cv_env_LIBS_value=
ac_cv_env_build_alias_set=
ac_cv_env_build_alias_value=
ac_cv_env_host_alias_set=
ac_cv_env_host_alias_value=
ac_cv_env_target_alias_set=
ac_cv_env_target_alias_value=
ac_cv_header_inttypes_h=yes
ac_cv_header_memory_h=yes
ac_cv_header_stdc=yes
ac_cv_header_stdint_h=yes
ac_cv_header_stdlib_h=yes
ac_cv_header_string_h=yes
ac_cv_header_strings_h=yes
ac_cv_header_sys_ioctl_h=yes
ac_cv_header_sys_stat_h=yes
ac_cv_header_sys_types_h=yes
ac_cv_header_syslog_h=yes
ac_cv_header_time=yes
ac_cv_header_unistd_h=yes
ac_cv_objext=o
ac_cv_path_EGREP='/usr/local/bin/ggrep -E'
ac_cv_path_GREP=/usr/local/bin/ggrep
ac_cv_path_install='/usr/local/bin/ginstall -c'
ac_cv_path_mkdir=/usr/local/bin/gmkdir
ac_cv_prog_AWK=gawk
ac_cv_prog_CPP='gcc -E'
ac_cv_prog_ac_ct_CC=gcc
ac_cv_prog_cc_c89=
ac_cv_prog_cc_g=yes
ac_cv_prog_gcc_traditional=no
ac_cv_prog_make_make_set=yes
ac_cv_type_signal=void
am_cv_CC_dependencies_compiler_type=gcc3
am_cv_make_support_nested_variables=yes
am_cv_prog_cc_c_o=yes

## ----------------- ##
## Output variables. ##
## ----------------- ##

ACLOCAL='aclocal-1.15'
AMDEPBACKSLASH='\'
AMDEP_FALSE='#'
AMDEP_TRUE=''
AMTAR='$${TAR-tar}'
AM_BACKSLASH='\'
AM_DEFAULT_V='$(AM_DEFAULT_VERBOSITY)'
AM_DEFAULT_VERBOSITY='1'
AM_V='$(V)'
AUTOCONF='autoconf'
AUTOHEADER='autoheader'
AUTOMAKE='automake-1.15'
AWK='gawk'
CC='gcc'
CCDEPMODE='depmode=gcc3'
CFLAGS='-g -O2'
CPP='gcc -E'
CPPFLAGS=''
CYGPATH_W='echo'
DEFS='-DHAVE_CONFIG_H'
DEPDIR='.deps'
ECHO_C='\c'
ECHO_N=''
ECHO_T=''
EGREP='/usr/local/bin/ggrep -E'
EXEEXT=''
GREP='/usr/local/bin/ggrep'
INSTALL_DATA='${INSTALL} -m 644'
INSTALL_PROGRAM='${INSTALL}'
INSTALL_SCRIPT='${INSTALL}'
INSTALL_STRIP_PROGRAM='$(install_sh) -c -s'
LDFLAGS=''
LIBOBJS=''
LIBS=''
LN_S='ln -s'
LTLIBOBJS=''
MAKEINFO='makeinfo'
MKDIR_P='/usr/local/bin/gmkdir -p'
OBJEXT='o'
PACKAGE='rpc.rstatd'
PACKAGE_BUGREPORT=''
PACKAGE_NAME=''
PACKAGE_STRING=''
PACKAGE_TARNAME=''
PACKAGE_URL=''
PACKAGE_VERSION=''
PATH_SEPARATOR=':'
SET_MAKE=''
SHELL='/bin/sh'
STRIP=''
VERSION='4.0.1'
ac_ct_CC='gcc'
am__EXEEXT_FALSE=''
am__EXEEXT_TRUE='#'
am__fastdepCC_FALSE='#'
am__fastdepCC_TRUE=''
am__include='include'
am__isrc=''
am__leading_dot='.'
am__nodep='_no'
am__quote=''
am__tar='$${TAR-tar} chof - "$$tardir"'
am__untar='$${TAR-tar} xf -'
bindir='${exec_prefix}/bin'
build_alias=''
datadir='${datarootdir}'
datarootdir='${prefix}/share'
docdir='${datarootdir}/doc/${PACKAGE}'
dvidir='${docdir}'
exec_prefix='${prefix}'
host_alias=''
htmldir='${docdir}'
includedir='${prefix}/include'
infodir='${datarootdir}/info'
install_sh='${SHELL} /Users/yu/workspace_go/rpc.rstatd-4.0.1/install-sh'
libdir='${exec_prefix}/lib'
libexecdir='${exec_prefix}/libexec'
localedir='${datarootdir}/locale'
localstatedir='${prefix}/var'
mandir='${datarootdir}/man'
mkdir_p='$(MKDIR_P)'
oldincludedir='/usr/include'
pdfdir='${docdir}'
prefix='/usr/local'
program_transform_name='s,x,x,'
psdir='${docdir}'
sbindir='${exec_prefix}/sbin'
sharedstatedir='${prefix}/com'
sysconfdir='${prefix}/etc'
target_alias=''

## ----------- ##
## confdefs.h. ##
## ----------- ##

/* confdefs.h */
#define PACKAGE_NAME ""
#define PACKAGE_TARNAME ""
#define PACKAGE_VERSION ""
#define PACKAGE_STRING ""
#define PACKAGE_BUGREPORT ""
#define PACKAGE_URL ""
#define PACKAGE "rpc.rstatd"
#define VERSION "4.0.1"
#define STDC_HEADERS 1
#define HAVE_SYS_TYPES_H 1
#define HAVE_SYS_STAT_H 1
#define HAVE_STDLIB_H 1
#define HAVE_STRING_H 1
#define HAVE_MEMORY_H 1
#define HAVE_STRINGS_H 1
#define HAVE_INTTYPES_H 1
#define HAVE_STDINT_H 1
#define HAVE_UNISTD_H 1
#define HAVE_SYS_IOCTL_H 1
#define HAVE_SYSLOG_H 1
#define TIME_WITH_SYS_TIME 1
#define STDC_HEADERS 1
#define RETSIGTYPE void

configure: exit 0

## ---------------------- ##
## Running config.status. ##
## ---------------------- ##

This file was extended by config.status, which was
generated by GNU Autoconf 2.69.  Invocation command line was

  CONFIG_FILES    = 
  CONFIG_HEADERS  = 
  CONFIG_LINKS    = 
  CONFIG_COMMANDS = 
  $ ./config.status 

on cheng

config.status:858: creating Makefile
config.status:858: creating config.h
config.status:1087: executing depfiles commands

## ---------------------- ##
## Running config.status. ##
## ---------------------- ##

This file was extended by config.status, which was
generated by GNU Autoconf 2.69.  Invocation command line was

  CONFIG_FILES    = 
  CONFIG_HEADERS  = 
  CONFIG_LINKS    = 
  CONFIG_COMMANDS = 
  $ ./config.status config.h

on cheng

config.status:858: creating config.h
